<?xml version="1.0" encoding="UTF-8"?>
<!-- Generated by org.testng.reporters.JUnitReportReporter -->
<testsuite hostname="Sid" failures="0" tests="1" name="script.login.ValidPhoneNumberLogin" time="9.585" errors="0" timestamp="2024-01-29T00:42:10 IST" skipped="0">
  <testcase classname="script.login.ValidPhoneNumberLogin" name="testValidLogin" time="9.585"/>
  <system-out/>
</testsuite> <!-- script.login.ValidPhoneNumberLogin -->
