<?xml version="1.0" encoding="UTF-8"?>
<!-- Generated by org.testng.reporters.JUnitReportReporter -->
<testsuite hostname="Sid" failures="0" tests="1" name="script.IncorrectEmailLogin" time="8.589" errors="0" timestamp="2024-01-28T17:03:24 IST" skipped="0">
  <testcase classname="script.IncorrectEmailLogin" name="incorrectEmailLogin" time="8.589"/>
  <system-out/>
</testsuite> <!-- script.IncorrectEmailLogin -->
