<?xml version="1.0" encoding="UTF-8"?>
<!-- Generated by org.testng.reporters.JUnitReportReporter -->
<testsuite hostname="Sid" failures="0" tests="1" name="script.ValidPhoneNumberLogin" time="13.493" errors="0" timestamp="2024-01-28T17:03:24 IST" skipped="0">
  <testcase classname="script.ValidPhoneNumberLogin" name="testValidLogin" time="13.493"/>
  <system-out/>
</testsuite> <!-- script.ValidPhoneNumberLogin -->
