<?xml version="1.0" encoding="UTF-8"?>
<!-- Generated by org.testng.reporters.JUnitReportReporter -->
<testsuite hostname="Sid" failures="0" tests="1" name="script.login.MissingPasswordLogin" time="10.215" errors="0" timestamp="2024-01-29T00:42:10 IST" skipped="0">
  <testcase classname="script.login.MissingPasswordLogin" name="testMissingPasswordLogin" time="10.215"/>
  <system-out/>
</testsuite> <!-- script.login.MissingPasswordLogin -->
