<?xml version="1.0" encoding="UTF-8"?>
<!-- Generated by org.testng.reporters.JUnitReportReporter -->
<testsuite hostname="Sid" failures="0" tests="1" name="script.login.MissingEmailLogin" time="8.583" errors="0" timestamp="2024-01-29T00:42:10 IST" skipped="0">
  <testcase classname="script.login.MissingEmailLogin" name="testMissingEmaildLogin" time="8.583"/>
  <system-out/>
</testsuite> <!-- script.login.MissingEmailLogin -->
