<?xml version="1.0" encoding="UTF-8"?>
<!-- Generated by org.testng.reporters.JUnitReportReporter -->
<testsuite hostname="Sid" failures="0" tests="5" name="script.search.Search" time="251.459" errors="0" timestamp="2024-01-29T00:42:10 IST" skipped="0">
  <testcase classname="script.search.Search" name="testSearchProduct" time="49.367"/>
  <system-out/>
  <testcase classname="script.search.Search" name="testSearchProduct" time="51.182"/>
  <system-out/>
  <testcase classname="script.search.Search" name="testSearchProduct" time="46.889"/>
  <system-out/>
  <testcase classname="script.search.Search" name="testSearchProduct" time="55.146"/>
  <system-out/>
  <testcase classname="script.search.Search" name="testSearchProduct" time="48.875"/>
  <system-out/>
</testsuite> <!-- script.search.Search -->
