<?xml version="1.0" encoding="UTF-8"?>
<!-- Generated by org.testng.reporters.JUnitReportReporter -->
<testsuite hostname="Sid" failures="0" tests="1" name="script.EdgeCaseForLogin" time="14.644" errors="0" timestamp="2024-01-28T16:37:20 IST" skipped="0">
  <testcase classname="script.EdgeCaseForLogin" name="edgeCaseForLogin" time="14.644"/>
  <system-out/>
</testsuite> <!-- script.EdgeCaseForLogin -->
