<?xml version="1.0" encoding="UTF-8"?>
<!-- Generated by org.testng.reporters.JUnitReportReporter -->
<testsuite hostname="Sid" failures="0" tests="1" name="script.login.MissingPasswordLogin" time="8.439" errors="0" timestamp="2024-01-29T13:31:25 IST" skipped="0">
  <testcase classname="script.login.MissingPasswordLogin" name="testMissingPasswordLogin" time="8.439"/>
</testsuite> <!-- script.login.MissingPasswordLogin -->
