<?xml version="1.0" encoding="UTF-8"?>
<!-- Generated by org.testng.reporters.JUnitReportReporter -->
<testsuite hostname="Sid" failures="0" tests="1" name="script.login.MissingEmailLogin" time="7.647" errors="0" timestamp="2024-01-29T13:31:25 IST" skipped="0">
  <testcase classname="script.login.MissingEmailLogin" name="testMissingEmaildLogin" time="7.647"/>
</testsuite> <!-- script.login.MissingEmailLogin -->
