<?xml version="1.0" encoding="UTF-8"?>
<!-- Generated by org.testng.reporters.JUnitReportReporter -->
<testsuite hostname="Sid" failures="0" tests="5" name="script.search.Search" time="73.235" errors="0" timestamp="2024-01-29T13:31:25 IST" skipped="0">
  <testcase classname="script.search.Search" name="testSearchProduct" time="13.443"/>
  <testcase classname="script.search.Search" name="testSearchProduct" time="15.571"/>
  <testcase classname="script.search.Search" name="testSearchProduct" time="16.334"/>
  <testcase classname="script.search.Search" name="testSearchProduct" time="14.659"/>
  <testcase classname="script.search.Search" name="testSearchProduct" time="13.228"/>
</testsuite> <!-- script.search.Search -->
